2023/11/05 23:00:05 logger,line: 21     INFO | Logger object created successfully..
2023/11/05 23:00:05 temp_script,line: 53     INFO | pdb file fixing and preparing for simulation ...
2023/11/05 23:00:05 apply_pdbfixer,line: 16     INFO | Creating PDBFixer...
2023/11/05 23:00:06 apply_pdbfixer,line: 18     INFO | Finding missing residues...
2023/11/05 23:00:06 apply_pdbfixer,line: 28     INFO | Finding nonstandard residues...
2023/11/05 23:00:06 apply_pdbfixer,line: 31     INFO | Replacing nonstandard residues...
2023/11/05 23:00:06 apply_pdbfixer,line: 34     INFO | Removing heterogens...
2023/11/05 23:00:06 apply_pdbfixer,line: 37     INFO | Finding missing atoms...
2023/11/05 23:00:06 apply_pdbfixer,line: 38     INFO | Founded missing  Residues: {}
2023/11/05 23:00:06 apply_pdbfixer,line: 41     INFO | Adding missing atoms...
2023/11/05 23:00:06 apply_pdbfixer,line: 43     INFO | Adding missing hydrogens...
2023/11/05 23:00:06 apply_pdbfixer,line: 46     INFO | Writing PDB file...
2023/11/05 23:00:06 temp_script,line: 56     INFO | Loading pdb to simulation engine ...
2023/11/05 23:00:07 temp_script,line: 61     INFO | Modeller of pdb file is preparing ...
2023/11/05 23:00:07 temp_script,line: 65     INFO | Forcefield parameters loading to the simulation system ...
2023/11/05 23:00:07 temp_script,line: 68 CRITICAL | Adding missing hydrogens to the model ...
2023/11/05 23:00:11 temp_script,line: 71     INFO | Adding solvent (both water and ions) to the model to fill a rectangular box ...
2023/11/05 23:00:29 temp_script,line: 74     INFO | Constructing an OpenMM System ...
2023/11/05 23:00:31 temp_script,line: 87     INFO | Creating a LangevinIntegrator with 2.0 femtosecond . time step
2023/11/05 23:00:35 temp_script,line: 103     INFO | Minimizing for 500 steps ...
2023/11/05 23:01:01 temp_script,line: 105     INFO | Minimization done, the energy is -1237110.2143764081 kJ/mol
2023/11/05 23:01:01 temp_script,line: 107     INFO | Minimized geometry is written to 'minimized.pdb'
2023/11/05 23:01:04 temp_script,line: 112     INFO | Equilibrating for 500 steps ...
2023/11/05 23:01:12 temp_script,line: 117     INFO | The trajectories will be saved in DCD file format.
2023/11/05 23:01:12 temp_script,line: 119     INFO | Saving DCD File for every 100 period
2023/11/05 23:01:12 temp_script,line: 121     INFO | Saving XTC File for every 100 period
2023/11/05 23:01:12 temp_script,line: 123     INFO | State Report will tell you.
2023/11/05 23:01:12 temp_script,line: 128     INFO | Running Production...
2023/11/05 23:02:32 temp_script,line: 130     INFO | Done!
2023/11/05 23:02:51 temp_script,line: 217     INFO | Forcefield parameters loading to the simulation system for NVE simulation ...
2023/11/05 23:02:51 temp_script,line: 220     INFO | Constructing NVE System
2023/11/05 23:02:54 temp_script,line: 225     INFO | System will use Switching Distance
2023/11/05 23:03:01 temp_script,line: 256     INFO | Saving XTC File for every 1 period
2023/11/05 23:03:01 temp_script,line: 276     INFO | State Report will tell you ...
2023/11/05 23:03:16 temp_script,line: 316     INFO | System will use CUDA Platform with double Precision
2023/11/05 23:03:21 temp_script,line: 322     INFO | Forcefield parameters loading to the simulation system ...
2023/11/05 23:03:21 temp_script,line: 325     INFO | Constructing an OpenMM System
2023/11/05 23:03:24 temp_script,line: 330     INFO | System will use Switching Distance
2023/11/05 23:03:27 temp_script,line: 355     INFO | Will the perturbed system use periodic boundary conditions? --> True
2023/11/05 23:03:27 temp_script,line: 361     INFO | Saving XTC File for every 1 period
2023/11/05 23:03:27 temp_script,line: 381     INFO | State Report will tell you ...
2023/11/05 23:03:40 temp_script,line: 394     INFO | Decompose started using XTC File ...
2023/11/05 23:03:48 get_positions_from_trajectory_file,line: 105     INFO | Started to convert Traj positions for OpenMM.
2023/11/05 23:03:48 energy_decomposition_from_trajectory,line: 99     INFO | The system parameters are being loaded for the decomposition process.
2023/11/05 23:04:05 energy_decomposition_from_trajectory,line: 186     INFO | The CUDA platform will be used for the decomposition process with mixed precision.
2023/11/05 23:04:05 energy_decomposition_from_trajectory,line: 194     INFO | NonbondedForce placed in group 2
2023/11/05 23:04:11 energy_decomposition_from_trajectory,line: 360     INFO | Res Num: 0, Res Num: 447, Decomposition Progress: 0.0
2023/11/05 23:04:14 energy_decomposition_from_trajectory,line: 360     INFO | Res Num: 1, Res Num: 447, Decomposition Progress: 0.22371364653243847
2023/11/05 23:04:17 energy_decomposition_from_trajectory,line: 360     INFO | Res Num: 2, Res Num: 447, Decomposition Progress: 0.44742729306487694
2023/11/05 23:04:19 energy_decomposition_from_trajectory,line: 360     INFO | Res Num: 3, Res Num: 447, Decomposition Progress: 0.6711409395973155
2023/11/05 23:04:22 energy_decomposition_from_trajectory,line: 360     INFO | Res Num: 4, Res Num: 447, Decomposition Progress: 0.8948545861297539
2023/11/05 23:04:25 energy_decomposition_from_trajectory,line: 360     INFO | Res Num: 5, Res Num: 447, Decomposition Progress: 1.1185682326621924
2023/11/05 23:04:27 energy_decomposition_from_trajectory,line: 360     INFO | Res Num: 6, Res Num: 447, Decomposition Progress: 1.342281879194631
2023/11/05 23:04:30 energy_decomposition_from_trajectory,line: 360     INFO | Res Num: 7, Res Num: 447, Decomposition Progress: 1.5659955257270695
2023/11/05 23:04:33 energy_decomposition_from_trajectory,line: 360     INFO | Res Num: 8, Res Num: 447, Decomposition Progress: 1.7897091722595078
2023/11/05 23:04:35 energy_decomposition_from_trajectory,line: 360     INFO | Res Num: 9, Res Num: 447, Decomposition Progress: 2.013422818791946
2023/11/05 23:04:38 energy_decomposition_from_trajectory,line: 360     INFO | Res Num: 10, Res Num: 447, Decomposition Progress: 2.237136465324385
2023/11/05 23:04:41 energy_decomposition_from_trajectory,line: 360     INFO | Res Num: 11, Res Num: 447, Decomposition Progress: 2.460850111856823
2023/11/05 23:04:45 energy_decomposition_from_trajectory,line: 360     INFO | Res Num: 12, Res Num: 447, Decomposition Progress: 2.684563758389262
